<?xml version="1.0" encoding="UTF-8"?>
<!-- Generated by org.testng.reporters.JUnitXMLReporter -->
<testsuite ignored="0" hostname="SubhanPC" failures="0" tests="4" name="Default test" time="10.155" errors="0" timestamp="2024-07-08T14:44:35 IST">
  <testcase classname="Testng_Annotations" name="tc1" time="0.126"/>
  <testcase classname="Testng_Annotations" name="tc2" time="0.098"/>
  <testcase classname="Testng_Annotations" name="tc3" time="0.067"/>
  <testcase classname="Testng_Annotations" name="tc4" time="0.07"/>
</testsuite> <!-- Default test -->
