<?xml version="1.0" encoding="UTF-8"?>
<testng-results ignored="0" total="2" passed="2" failed="0" skipped="0">
  <reporter-output>
  </reporter-output>
  <suite started-at="2024-07-08T11:05:09 IST" name="Default suite" finished-at="2024-07-08T11:05:18 IST" duration-ms="9510">
    <groups>
    </groups>
    <test started-at="2024-07-08T11:05:09 IST" name="Default test" finished-at="2024-07-08T11:05:18 IST" duration-ms="9510">
      <class name="Testng_Annotations">
        <test-method is-config="true" signature="setup()[pri:0, instance:Testng_Annotations@69e153c5]" started-at="2024-07-08T11:05:09 IST" name="setup" finished-at="2024-07-08T11:05:15 IST" duration-ms="6059" status="PASS">
          <reporter-output>
          </reporter-output>
        </test-method> <!-- setup -->
        <test-method signature="tc1()[pri:0, instance:Testng_Annotations@69e153c5]" started-at="2024-07-08T11:05:15 IST" name="tc1" finished-at="2024-07-08T11:05:15 IST" duration-ms="93" status="PASS">
          <reporter-output>
          </reporter-output>
        </test-method> <!-- tc1 -->
        <test-method signature="tc2()[pri:0, instance:Testng_Annotations@69e153c5]" started-at="2024-07-08T11:05:15 IST" name="tc2" finished-at="2024-07-08T11:05:15 IST" duration-ms="68" status="PASS">
          <reporter-output>
          </reporter-output>
        </test-method> <!-- tc2 -->
        <test-method is-config="true" signature="teardwon()[pri:0, instance:Testng_Annotations@69e153c5]" started-at="2024-07-08T11:05:15 IST" name="teardwon" finished-at="2024-07-08T11:05:18 IST" duration-ms="3230" status="PASS">
          <reporter-output>
          </reporter-output>
        </test-method> <!-- teardwon -->
      </class> <!-- Testng_Annotations -->
    </test> <!-- Default test -->
  </suite> <!-- Default suite -->
</testng-results>
