<?xml version="1.0" encoding="UTF-8"?>
<!-- Generated by org.testng.reporters.JUnitXMLReporter -->
<testsuite ignored="0" hostname="SubhanPC" failures="0" tests="4" name="TestNG_Test" time="8.109" errors="0" timestamp="2024-07-09T07:54:25 IST">
  <testcase classname="Testng_Annotations" name="tc1" time="0.099"/>
  <testcase classname="Testng_Annotations" name="tc2" time="0.098"/>
  <testcase classname="Testng_Annotations" name="tc3" time="0.076"/>
  <testcase classname="Testng_Annotations" name="tc4" time="0.08"/>
</testsuite> <!-- TestNG_Test -->
